2025-02-19 13:18:47 - Starting JobportalApplication using Java 23.0.1 with PID 23676 (C:\Users\vaddireddys\Downloads\Jobportal\Jobportal\target\classes started by vaddireddys in C:\Users\vaddireddys\Downloads\Jobportal)
2025-02-19 13:18:47 - No active profile set, falling back to 1 default profile: "default"
2025-02-19 13:18:48 - Bootstrapping Spring Data JPA repositories in DEFAULT mode.
2025-02-19 13:18:48 - Finished Spring Data repository scanning in 46 ms. Found 2 JPA repository interfaces.
2025-02-19 13:18:48 - Tomcat initialized with port 8080 (http)
2025-02-19 13:18:49 - Initializing ProtocolHandler ["http-nio-8080"]
2025-02-19 13:18:49 - Starting service [Tomcat]
2025-02-19 13:18:49 - Starting Servlet engine: [Apache Tomcat/10.1.34]
2025-02-19 13:18:49 - Initializing Spring embedded WebApplicationContext
2025-02-19 13:18:49 - Root WebApplicationContext: initialization completed in 1674 ms
2025-02-19 13:18:49 - HHH000204: Processing PersistenceUnitInfo [name: default]
2025-02-19 13:18:49 - HHH000412: Hibernate ORM core version 6.6.5.Final
2025-02-19 13:18:49 - HHH000026: Second-level cache disabled
2025-02-19 13:18:49 - No LoadTimeWeaver setup: ignoring JPA class transformer
2025-02-19 13:18:49 - HikariPool-1 - Starting...
2025-02-19 13:18:49 - Registered driver with driverClassName=oracle.jdbc.driver.OracleDriver was not found, trying direct instantiation.
2025-02-19 13:18:50 - HikariPool-1 - Added connection oracle.jdbc.driver.T4CConnection@7717b4a0
2025-02-19 13:18:50 - HikariPool-1 - Start completed.
2025-02-19 13:18:50 - HHH10001005: Database info:
	Database JDBC URL [Connecting through datasource 'HikariDataSource (HikariPool-1)']
	Database driver: undefined/unknown
	Database version: 21.3
	Autocommit mode: undefined/unknown
	Isolation level: undefined/unknown
	Minimum pool size: undefined/unknown
	Maximum pool size: undefined/unknown
2025-02-19 13:18:51 - HHH000489: No JTA platform available (set 'hibernate.transaction.jta.platform' to enable JTA platform integration)
2025-02-19 13:18:52 - Initialized JPA EntityManagerFactory for persistence unit 'default'
2025-02-19 13:18:52 - Hibernate is in classpath; If applicable, HQL parser will be used.
2025-02-19 13:18:53 - spring.jpa.open-in-view is enabled by default. Therefore, database queries may be performed during view rendering. Explicitly configure spring.jpa.open-in-view to disable this warning
2025-02-19 13:18:53 - Global AuthenticationManager configured with AuthenticationProvider bean with name authProvider
2025-02-19 13:18:53 - Global AuthenticationManager configured with an AuthenticationProvider bean. UserDetailsService beans will not be used by Spring Security for automatically configuring username/password login. Consider removing the AuthenticationProvider bean. Alternatively, consider using the UserDetailsService in a manually instantiated DaoAuthenticationProvider. If the current configuration is intentional, to turn off this warning, increase the logging level of 'org.springframework.security.config.annotation.authentication.configuration.InitializeUserDetailsBeanManagerConfigurer' to ERROR
2025-02-19 13:18:53 - Starting ProtocolHandler ["http-nio-8080"]
2025-02-19 13:18:53 - Tomcat started on port 8080 (http) with context path '/'
2025-02-19 13:18:53 - Started JobportalApplication in 7.01 seconds (process running for 8.691)
2025-02-19 13:21:43 - Initializing Spring DispatcherServlet 'dispatcherServlet'
2025-02-19 13:21:43 - Initializing Servlet 'dispatcherServlet'
2025-02-19 13:21:43 - Completed initialization in 1 ms
2025-02-19 13:33:16 - Commencing graceful shutdown. Waiting for active requests to complete
2025-02-19 13:33:16 - Graceful shutdown complete
2025-02-19 13:33:16 - Closing JPA EntityManagerFactory for persistence unit 'default'
2025-02-19 13:33:16 - HikariPool-1 - Shutdown initiated...
2025-02-19 13:33:16 - HikariPool-1 - Shutdown completed.
