2025-02-21 16:30:45 - Starting JobportalApplication using Java 23.0.1 with PID 25392 (C:\Users\vaddireddys\Downloads\Jobportal\Jobportal\target\classes started by vaddireddys in C:\Users\vaddireddys\Downloads\Jobportal)
2025-02-21 16:30:45 - No active profile set, falling back to 1 default profile: "default"
2025-02-21 16:30:46 - Bootstrapping Spring Data JPA repositories in DEFAULT mode.
2025-02-21 16:30:46 - Finished Spring Data repository scanning in 81 ms. Found 2 JPA repository interfaces.
2025-02-21 16:30:47 - Tomcat initialized with port 8080 (http)
2025-02-21 16:30:47 - Initializing ProtocolHandler ["http-nio-8080"]
2025-02-21 16:30:47 - Starting service [Tomcat]
2025-02-21 16:30:47 - Starting Servlet engine: [Apache Tomcat/10.1.34]
2025-02-21 16:30:47 - Initializing Spring embedded WebApplicationContext
2025-02-21 16:30:47 - Root WebApplicationContext: initialization completed in 2368 ms
2025-02-21 16:30:48 - HHH000204: Processing PersistenceUnitInfo [name: default]
2025-02-21 16:30:48 - HHH000412: Hibernate ORM core version 6.6.5.Final
2025-02-21 16:30:48 - HHH000026: Second-level cache disabled
2025-02-21 16:30:49 - No LoadTimeWeaver setup: ignoring JPA class transformer
2025-02-21 16:30:49 - HikariPool-1 - Starting...
2025-02-21 16:30:49 - Registered driver with driverClassName=oracle.jdbc.driver.OracleDriver was not found, trying direct instantiation.
2025-02-21 16:30:50 - HikariPool-1 - Added connection oracle.jdbc.driver.T4CConnection@46894dc5
2025-02-21 16:30:50 - HikariPool-1 - Start completed.
2025-02-21 16:30:50 - HHH10001005: Database info:
	Database JDBC URL [Connecting through datasource 'HikariDataSource (HikariPool-1)']
	Database driver: undefined/unknown
	Database version: 21.3
	Autocommit mode: undefined/unknown
	Isolation level: undefined/unknown
	Minimum pool size: undefined/unknown
	Maximum pool size: undefined/unknown
2025-02-21 16:30:51 - HHH000489: No JTA platform available (set 'hibernate.transaction.jta.platform' to enable JTA platform integration)
2025-02-21 16:30:54 - Initialized JPA EntityManagerFactory for persistence unit 'default'
2025-02-21 16:30:55 - Hibernate is in classpath; If applicable, HQL parser will be used.
2025-02-21 16:30:55 - Global AuthenticationManager configured with UserDetailsService bean with name myUserDetailsService
2025-02-21 16:30:55 - spring.jpa.open-in-view is enabled by default. Therefore, database queries may be performed during view rendering. Explicitly configure spring.jpa.open-in-view to disable this warning
2025-02-21 16:30:56 - Starting ProtocolHandler ["http-nio-8080"]
2025-02-21 16:30:56 - Tomcat started on port 8080 (http) with context path '/'
2025-02-21 16:30:56 - Started JobportalApplication in 11.853 seconds (process running for 14.427)
2025-02-21 16:31:38 - Commencing graceful shutdown. Waiting for active requests to complete
2025-02-21 16:31:38 - Graceful shutdown complete
2025-02-21 16:31:38 - Closing JPA EntityManagerFactory for persistence unit 'default'
2025-02-21 16:31:38 - HikariPool-1 - Shutdown initiated...
2025-02-21 16:31:38 - HikariPool-1 - Shutdown completed.
2025-02-21 17:08:59 - Starting JobportalApplication using Java 23.0.1 with PID 22116 (C:\Users\vaddireddys\Downloads\Jobportal\Jobportal\target\classes started by vaddireddys in C:\Users\vaddireddys\Downloads\Jobportal)
2025-02-21 17:08:59 - No active profile set, falling back to 1 default profile: "default"
2025-02-21 17:09:00 - Bootstrapping Spring Data JPA repositories in DEFAULT mode.
2025-02-21 17:09:00 - Finished Spring Data repository scanning in 53 ms. Found 2 JPA repository interfaces.
2025-02-21 17:09:01 - Tomcat initialized with port 8080 (http)
2025-02-21 17:09:01 - Initializing ProtocolHandler ["http-nio-8080"]
2025-02-21 17:09:01 - Starting service [Tomcat]
2025-02-21 17:09:01 - Starting Servlet engine: [Apache Tomcat/10.1.34]
2025-02-21 17:09:01 - Initializing Spring embedded WebApplicationContext
2025-02-21 17:09:01 - Root WebApplicationContext: initialization completed in 2396 ms
2025-02-21 17:09:02 - HHH000204: Processing PersistenceUnitInfo [name: default]
2025-02-21 17:09:02 - HHH000412: Hibernate ORM core version 6.6.5.Final
2025-02-21 17:09:02 - HHH000026: Second-level cache disabled
2025-02-21 17:09:02 - No LoadTimeWeaver setup: ignoring JPA class transformer
2025-02-21 17:09:02 - HikariPool-1 - Starting...
2025-02-21 17:09:02 - Registered driver with driverClassName=oracle.jdbc.driver.OracleDriver was not found, trying direct instantiation.
2025-02-21 17:09:03 - HikariPool-1 - Added connection oracle.jdbc.driver.T4CConnection@20a47036
2025-02-21 17:09:03 - HikariPool-1 - Start completed.
2025-02-21 17:09:04 - HHH10001005: Database info:
	Database JDBC URL [Connecting through datasource 'HikariDataSource (HikariPool-1)']
	Database driver: undefined/unknown
	Database version: 21.3
	Autocommit mode: undefined/unknown
	Isolation level: undefined/unknown
	Minimum pool size: undefined/unknown
	Maximum pool size: undefined/unknown
2025-02-21 17:09:05 - HHH000489: No JTA platform available (set 'hibernate.transaction.jta.platform' to enable JTA platform integration)
2025-02-21 17:09:07 - Initialized JPA EntityManagerFactory for persistence unit 'default'
2025-02-21 17:09:08 - Hibernate is in classpath; If applicable, HQL parser will be used.
2025-02-21 17:09:09 - Global AuthenticationManager configured with UserDetailsService bean with name myUserDetailsService
2025-02-21 17:09:09 - spring.jpa.open-in-view is enabled by default. Therefore, database queries may be performed during view rendering. Explicitly configure spring.jpa.open-in-view to disable this warning
2025-02-21 17:09:10 - Starting ProtocolHandler ["http-nio-8080"]
2025-02-21 17:09:10 - Tomcat started on port 8080 (http) with context path '/'
2025-02-21 17:09:10 - Started JobportalApplication in 11.546 seconds (process running for 16.558)
2025-02-21 17:09:35 - Initializing Spring DispatcherServlet 'dispatcherServlet'
2025-02-21 17:09:35 - Initializing Servlet 'dispatcherServlet'
2025-02-21 17:09:35 - Completed initialization in 1 ms
2025-02-21 17:12:47 - Commencing graceful shutdown. Waiting for active requests to complete
2025-02-21 17:12:47 - Graceful shutdown complete
2025-02-21 17:12:47 - Closing JPA EntityManagerFactory for persistence unit 'default'
2025-02-21 17:12:47 - HikariPool-1 - Shutdown initiated...
2025-02-21 17:12:47 - HikariPool-1 - Shutdown completed.
2025-02-21 17:12:58 - Starting JobportalApplication using Java 23.0.1 with PID 28292 (C:\Users\vaddireddys\Downloads\Jobportal\Jobportal\target\classes started by vaddireddys in C:\Users\vaddireddys\Downloads\Jobportal)
2025-02-21 17:12:58 - No active profile set, falling back to 1 default profile: "default"
2025-02-21 17:12:59 - Bootstrapping Spring Data JPA repositories in DEFAULT mode.
2025-02-21 17:12:59 - Finished Spring Data repository scanning in 53 ms. Found 2 JPA repository interfaces.
2025-02-21 17:13:00 - Tomcat initialized with port 8080 (http)
2025-02-21 17:13:00 - Initializing ProtocolHandler ["http-nio-8080"]
2025-02-21 17:13:00 - Starting service [Tomcat]
2025-02-21 17:13:00 - Starting Servlet engine: [Apache Tomcat/10.1.34]
2025-02-21 17:13:00 - Initializing Spring embedded WebApplicationContext
2025-02-21 17:13:00 - Root WebApplicationContext: initialization completed in 1997 ms
2025-02-21 17:13:01 - HHH000204: Processing PersistenceUnitInfo [name: default]
2025-02-21 17:13:01 - HHH000412: Hibernate ORM core version 6.6.5.Final
2025-02-21 17:13:01 - HHH000026: Second-level cache disabled
2025-02-21 17:13:01 - No LoadTimeWeaver setup: ignoring JPA class transformer
2025-02-21 17:13:01 - HikariPool-1 - Starting...
2025-02-21 17:13:01 - Registered driver with driverClassName=oracle.jdbc.driver.OracleDriver was not found, trying direct instantiation.
2025-02-21 17:13:02 - HikariPool-1 - Added connection oracle.jdbc.driver.T4CConnection@37986daf
2025-02-21 17:13:02 - HikariPool-1 - Start completed.
2025-02-21 17:13:02 - HHH10001005: Database info:
	Database JDBC URL [Connecting through datasource 'HikariDataSource (HikariPool-1)']
	Database driver: undefined/unknown
	Database version: 21.3
	Autocommit mode: undefined/unknown
	Isolation level: undefined/unknown
	Minimum pool size: undefined/unknown
	Maximum pool size: undefined/unknown
2025-02-21 17:13:03 - HHH000489: No JTA platform available (set 'hibernate.transaction.jta.platform' to enable JTA platform integration)
2025-02-21 17:13:05 - Initialized JPA EntityManagerFactory for persistence unit 'default'
2025-02-21 17:13:05 - Hibernate is in classpath; If applicable, HQL parser will be used.
2025-02-21 17:13:06 - Global AuthenticationManager configured with AuthenticationProvider bean with name authProvider
2025-02-21 17:13:06 - Global AuthenticationManager configured with an AuthenticationProvider bean. UserDetailsService beans will not be used by Spring Security for automatically configuring username/password login. Consider removing the AuthenticationProvider bean. Alternatively, consider using the UserDetailsService in a manually instantiated DaoAuthenticationProvider. If the current configuration is intentional, to turn off this warning, increase the logging level of 'org.springframework.security.config.annotation.authentication.configuration.InitializeUserDetailsBeanManagerConfigurer' to ERROR
2025-02-21 17:13:06 - spring.jpa.open-in-view is enabled by default. Therefore, database queries may be performed during view rendering. Explicitly configure spring.jpa.open-in-view to disable this warning
2025-02-21 17:13:06 - One of the patterns in [register, login] is missing a leading slash. This is discouraged; please include the leading slash in all your request matcher patterns. In future versions of Spring Security, leaving out the leading slash will result in an exception.
2025-02-21 17:13:07 - Starting ProtocolHandler ["http-nio-8080"]
2025-02-21 17:13:07 - Tomcat started on port 8080 (http) with context path '/'
2025-02-21 17:13:07 - Started JobportalApplication in 9.781 seconds (process running for 11.735)
2025-02-21 17:13:25 - Initializing Spring DispatcherServlet 'dispatcherServlet'
2025-02-21 17:13:25 - Initializing Servlet 'dispatcherServlet'
2025-02-21 17:13:25 - Completed initialization in 2 ms
2025-02-21 18:00:04 - HikariPool-1 - Thread starvation or clock leap detected (housekeeper delta=24m32s201ms357µs700ns).
2025-02-21 18:13:01 - Commencing graceful shutdown. Waiting for active requests to complete
2025-02-21 18:13:01 - Graceful shutdown complete
2025-02-21 18:13:01 - Closing JPA EntityManagerFactory for persistence unit 'default'
2025-02-21 18:13:01 - HikariPool-1 - Shutdown initiated...
2025-02-21 18:13:01 - HikariPool-1 - Shutdown completed.
2025-02-21 18:13:12 - Starting JobportalApplication using Java 23.0.1 with PID 30356 (C:\Users\vaddireddys\Downloads\Jobportal\Jobportal\target\classes started by vaddireddys in C:\Users\vaddireddys\Downloads\Jobportal)
2025-02-21 18:13:12 - No active profile set, falling back to 1 default profile: "default"
2025-02-21 18:13:13 - Bootstrapping Spring Data JPA repositories in DEFAULT mode.
2025-02-21 18:13:13 - Finished Spring Data repository scanning in 65 ms. Found 2 JPA repository interfaces.
2025-02-21 18:13:14 - Tomcat initialized with port 8080 (http)
2025-02-21 18:13:14 - Initializing ProtocolHandler ["http-nio-8080"]
2025-02-21 18:13:14 - Starting service [Tomcat]
2025-02-21 18:13:14 - Starting Servlet engine: [Apache Tomcat/10.1.34]
2025-02-21 18:13:15 - Initializing Spring embedded WebApplicationContext
2025-02-21 18:13:15 - Root WebApplicationContext: initialization completed in 2635 ms
2025-02-21 18:13:15 - HHH000204: Processing PersistenceUnitInfo [name: default]
2025-02-21 18:13:15 - HHH000412: Hibernate ORM core version 6.6.5.Final
2025-02-21 18:13:15 - HHH000026: Second-level cache disabled
2025-02-21 18:13:16 - No LoadTimeWeaver setup: ignoring JPA class transformer
2025-02-21 18:13:16 - HikariPool-1 - Starting...
2025-02-21 18:13:16 - Registered driver with driverClassName=oracle.jdbc.driver.OracleDriver was not found, trying direct instantiation.
2025-02-21 18:13:16 - HikariPool-1 - Added connection oracle.jdbc.driver.T4CConnection@7da77305
2025-02-21 18:13:16 - HikariPool-1 - Start completed.
2025-02-21 18:13:17 - HHH10001005: Database info:
	Database JDBC URL [Connecting through datasource 'HikariDataSource (HikariPool-1)']
	Database driver: undefined/unknown
	Database version: 21.3
	Autocommit mode: undefined/unknown
	Isolation level: undefined/unknown
	Minimum pool size: undefined/unknown
	Maximum pool size: undefined/unknown
2025-02-21 18:13:19 - HHH000489: No JTA platform available (set 'hibernate.transaction.jta.platform' to enable JTA platform integration)
2025-02-21 18:13:19 - Initialized JPA EntityManagerFactory for persistence unit 'default'
2025-02-21 18:13:19 - Hibernate is in classpath; If applicable, HQL parser will be used.
2025-02-21 18:13:20 - Global AuthenticationManager configured with AuthenticationProvider bean with name authProvider
2025-02-21 18:13:20 - Global AuthenticationManager configured with an AuthenticationProvider bean. UserDetailsService beans will not be used by Spring Security for automatically configuring username/password login. Consider removing the AuthenticationProvider bean. Alternatively, consider using the UserDetailsService in a manually instantiated DaoAuthenticationProvider. If the current configuration is intentional, to turn off this warning, increase the logging level of 'org.springframework.security.config.annotation.authentication.configuration.InitializeUserDetailsBeanManagerConfigurer' to ERROR
2025-02-21 18:13:20 - spring.jpa.open-in-view is enabled by default. Therefore, database queries may be performed during view rendering. Explicitly configure spring.jpa.open-in-view to disable this warning
2025-02-21 18:13:21 - One of the patterns in [register, login] is missing a leading slash. This is discouraged; please include the leading slash in all your request matcher patterns. In future versions of Spring Security, leaving out the leading slash will result in an exception.
2025-02-21 18:13:21 - Starting ProtocolHandler ["http-nio-8080"]
2025-02-21 18:13:21 - Tomcat started on port 8080 (http) with context path '/'
2025-02-21 18:13:21 - Started JobportalApplication in 10.996 seconds (process running for 12.823)
2025-02-21 18:31:49 - Commencing graceful shutdown. Waiting for active requests to complete
2025-02-21 18:31:49 - Graceful shutdown complete
2025-02-21 18:31:49 - Closing JPA EntityManagerFactory for persistence unit 'default'
2025-02-21 18:31:49 - HikariPool-1 - Shutdown initiated...
2025-02-21 18:31:49 - HikariPool-1 - Shutdown completed.
